2025-01-08 09:52:42.272 [info] read schema from vscode: vscode://schemas/settings/user
2025-01-08 09:52:42.589 [info] read schema from vscode: vscode://schemas/settings/resourceLanguage
2025-01-08 09:52:42.605 [info] read schema from vscode: vscode://schemas/launch
2025-01-08 09:52:42.607 [info] read schema from vscode: vscode://schemas/token-styling
2025-01-08 09:52:42.608 [info] read schema from vscode: vscode://schemas/textmate-colors
2025-01-08 09:52:42.610 [info] read schema from vscode: vscode://schemas/workbench-colors
2025-01-08 09:52:42.612 [info] read schema from vscode: vscode://schemas/ignoredSettings
2025-01-08 09:52:42.791 [info] cancelled
2025-01-08 09:52:42.794 [info] read schema from vscode: vscode://schemas/settings/user
2025-01-08 09:52:42.897 [info] read schema from vscode: vscode://schemas/settings/resourceLanguage
2025-01-08 09:52:42.905 [info] read schema from vscode: vscode://schemas/launch
2025-01-08 09:52:42.909 [info] read schema from vscode: vscode://schemas/token-styling
2025-01-08 09:52:42.910 [info] read schema from vscode: vscode://schemas/textmate-colors
2025-01-08 09:52:42.914 [info] read schema from vscode: vscode://schemas/workbench-colors
2025-01-08 09:52:42.914 [info] read schema from vscode: vscode://schemas/ignoredSettings
2025-01-08 09:52:43.041 [info] cancelled
2025-01-08 09:52:43.402 [info] schema change detected vscode://schemas/settings/user
2025-01-08 09:52:43.407 [info] read schema from vscode: vscode://schemas/settings/user
2025-01-08 09:54:56.012 [info] schema change detected vscode://schemas/settings/user
2025-01-08 09:54:56.016 [info] read schema from vscode: vscode://schemas/settings/user
2025-01-08 09:55:16.402 [info] schema change detected vscode://schemas/settings/user
2025-01-08 09:55:16.406 [info] read schema from vscode: vscode://schemas/settings/user
2025-01-08 09:55:23.001 [info] schema change detected vscode://schemas/settings/user
2025-01-08 09:55:38.745 [info] cancelled
2025-01-08 09:55:38.746 [info] read schema from vscode: vscode://schemas/settings/user
2025-01-08 09:55:39.775 [info] schema change detected vscode://schemas/settings/user
2025-01-08 09:55:39.791 [info] read schema from vscode: vscode://schemas/settings/user
2025-01-08 09:56:14.521 [info] schema change detected vscode://schemas/settings/user
2025-01-08 09:56:14.525 [info] read schema from vscode: vscode://schemas/settings/user
2025-01-08 09:59:41.393 [info] schema change detected vscode://schemas/settings/user
2025-01-08 09:59:41.397 [info] read schema from vscode: vscode://schemas/settings/user
2025-01-08 09:59:43.950 [info] schema change detected vscode://schemas/settings/user
2025-01-08 09:59:50.301 [info] read schema from vscode: vscode://schemas/settings/default
2025-01-08 09:59:51.360 [info] schema change detected vscode://schemas/settings/default
2025-01-08 09:59:51.360 [info] schema change detected vscode://schemas/settings/user
2025-01-08 09:59:51.364 [info] read schema from vscode: vscode://schemas/settings/default
2025-01-08 09:59:57.825 [info] schema change detected vscode://schemas/launch
2025-01-08 09:59:57.827 [info] read schema from vscode: vscode://schemas/settings/default
2025-01-08 09:59:57.942 [info] read schema from vscode: vscode://schemas/launch
2025-01-08 10:00:22.515 [info] read schema from vscode: vscode://schemas/settings/user
2025-01-08 10:00:22.862 [info] cancelled
2025-01-08 10:00:23.555 [info] schema change detected vscode://schemas/settings/default
2025-01-08 10:00:23.555 [info] schema change detected vscode://schemas/settings/user
2025-01-08 10:00:23.557 [info] cancelled
2025-01-08 10:00:23.558 [info] read schema from vscode: vscode://schemas/settings/user
2025-01-08 10:04:55.900 [info] read schema from vscode: vscode://schemas/settings/user
2025-01-08 10:04:56.125 [info] read schema from vscode: vscode://schemas/settings/resourceLanguage
2025-01-08 10:04:56.138 [info] read schema from vscode: vscode://schemas/launch
2025-01-08 10:04:56.141 [info] read schema from vscode: vscode://schemas/token-styling
2025-01-08 10:04:56.141 [info] read schema from vscode: vscode://schemas/textmate-colors
2025-01-08 10:04:56.141 [info] read schema from vscode: vscode://schemas/workbench-colors
2025-01-08 10:04:56.145 [info] read schema from vscode: vscode://schemas/ignoredSettings
2025-01-08 10:04:57.801 [info] schema change detected vscode://schemas/settings/default
2025-01-08 10:04:57.801 [info] schema change detected vscode://schemas/settings/user
2025-01-08 10:04:57.804 [info] read schema from vscode: vscode://schemas/settings/user
2025-01-08 10:06:54.585 [info] schema change detected vscode://schemas/settings/default
2025-01-08 10:06:54.585 [info] schema change detected vscode://schemas/settings/user
2025-01-08 10:08:31.713 [info] read schema from vscode: vscode://schemas/settings/folder
2025-01-08 10:08:32.038 [info] cancelled
2025-01-08 10:08:32.093 [info] read schema from vscode: vscode://schemas/settings/folder
2025-01-08 10:08:32.197 [info] read schema from vscode: vscode://schemas/settings/resourceLanguage
2025-01-08 10:08:32.213 [info] read schema from vscode: vscode://schemas/launch
2025-01-08 10:08:32.216 [info] read schema from vscode: vscode://schemas/token-styling
2025-01-08 10:08:32.217 [info] read schema from vscode: vscode://schemas/textmate-colors
2025-01-08 10:08:32.217 [info] read schema from vscode: vscode://schemas/workbench-colors
2025-01-08 10:08:32.782 [info] schema change detected vscode://schemas/settings/default
2025-01-08 10:08:32.782 [info] schema change detected vscode://schemas/settings/user
2025-01-08 10:08:32.782 [info] schema change detected vscode://schemas/settings/folder
2025-01-08 10:08:32.784 [info] read schema from vscode: vscode://schemas/settings/folder
2025-01-08 10:14:08.377 [info] read schema from vscode: vscode://schemas/settings/folder
2025-01-08 10:14:08.497 [info] read schema from vscode: vscode://schemas/settings/resourceLanguage
2025-01-08 10:14:08.505 [info] read schema from vscode: vscode://schemas/launch
2025-01-08 10:14:08.507 [info] read schema from vscode: vscode://schemas/token-styling
2025-01-08 10:14:08.507 [info] read schema from vscode: vscode://schemas/textmate-colors
2025-01-08 10:14:08.508 [info] read schema from vscode: vscode://schemas/workbench-colors
2025-01-08 10:17:36.233 [info] schema change detected vscode://schemas/settings/default
2025-01-08 10:17:36.233 [info] schema change detected vscode://schemas/settings/user
2025-01-08 10:17:36.233 [info] schema change detected vscode://schemas/settings/folder
2025-01-08 10:37:34.726 [info] read schema from vscode: vscode://schemas/settings/folder
2025-01-08 10:37:35.146 [info] cancelled
2025-01-08 10:37:35.215 [info] read schema from vscode: vscode://schemas/settings/folder
2025-01-08 10:37:35.343 [info] read schema from vscode: vscode://schemas/settings/resourceLanguage
2025-01-08 10:37:35.350 [info] read schema from vscode: vscode://schemas/launch
2025-01-08 10:37:35.356 [info] read schema from vscode: vscode://schemas/token-styling
2025-01-08 10:37:35.357 [info] read schema from vscode: vscode://schemas/textmate-colors
2025-01-08 10:37:35.357 [info] read schema from vscode: vscode://schemas/workbench-colors
2025-01-08 10:37:35.780 [info] schema change detected vscode://schemas/settings/default
2025-01-08 10:37:35.780 [info] schema change detected vscode://schemas/settings/user
2025-01-08 10:37:35.780 [info] schema change detected vscode://schemas/settings/folder
2025-01-08 10:37:35.784 [info] read schema from vscode: vscode://schemas/settings/folder
2025-01-08 10:38:05.233 [info] schema change detected vscode://schemas/settings/default
2025-01-08 10:38:05.233 [info] schema change detected vscode://schemas/settings/user
2025-01-08 10:38:05.233 [info] schema change detected vscode://schemas/settings/folder
2025-01-08 10:38:05.238 [info] read schema from vscode: vscode://schemas/settings/folder
2025-01-08 10:38:06.431 [info] schema change detected vscode://schemas/settings/default
2025-01-08 10:38:06.431 [info] schema change detected vscode://schemas/settings/user
2025-01-08 10:38:06.431 [info] schema change detected vscode://schemas/settings/folder
2025-01-08 10:38:06.435 [info] read schema from vscode: vscode://schemas/settings/folder
2025-01-08 10:38:07.873 [info] schema change detected vscode://schemas/settings/default
2025-01-08 10:38:07.873 [info] schema change detected vscode://schemas/settings/user
2025-01-08 10:38:07.873 [info] schema change detected vscode://schemas/settings/folder
2025-01-08 10:38:07.875 [info] read schema from vscode: vscode://schemas/settings/folder
2025-01-08 10:38:35.498 [info] schema change detected vscode://schemas/settings/default
2025-01-08 10:38:35.498 [info] schema change detected vscode://schemas/settings/user
2025-01-08 10:38:35.498 [info] schema change detected vscode://schemas/settings/folder
2025-01-08 10:38:35.502 [info] read schema from vscode: vscode://schemas/settings/folder
2025-01-08 10:38:37.310 [info] schema change detected vscode://schemas/settings/default
2025-01-08 10:38:37.310 [info] schema change detected vscode://schemas/settings/user
2025-01-08 10:38:37.310 [info] schema change detected vscode://schemas/settings/folder
2025-01-08 10:38:37.312 [info] read schema from vscode: vscode://schemas/settings/folder
2025-01-08 10:38:39.611 [info] schema change detected vscode://schemas/settings/default
2025-01-08 10:38:39.611 [info] schema change detected vscode://schemas/settings/user
2025-01-08 10:38:39.611 [info] schema change detected vscode://schemas/settings/folder
2025-01-08 10:38:39.614 [info] read schema from vscode: vscode://schemas/settings/folder
2025-01-08 10:38:39.807 [info] cancelled
2025-01-08 10:39:08.169 [info] schema change detected vscode://schemas/settings/default
2025-01-08 10:39:08.169 [info] schema change detected vscode://schemas/settings/user
2025-01-08 10:39:08.169 [info] schema change detected vscode://schemas/settings/folder
2025-01-08 10:39:17.798 [info] read schema from vscode: vscode://schemas/settings/user
2025-01-08 10:39:18.061 [info] read schema from vscode: vscode://schemas/ignoredSettings
2025-01-08 10:39:18.149 [info] cancelled
2025-01-08 10:39:18.158 [info] cancelled
2025-01-08 10:39:18.361 [info] read schema from vscode: vscode://schemas/settings/user
2025-01-08 10:39:18.449 [info] read schema from vscode: vscode://schemas/settings/resourceLanguage
2025-01-08 10:39:18.455 [info] read schema from vscode: vscode://schemas/launch
2025-01-08 10:39:18.455 [info] read schema from vscode: vscode://schemas/token-styling
2025-01-08 10:39:18.456 [info] read schema from vscode: vscode://schemas/textmate-colors
2025-01-08 10:39:18.456 [info] read schema from vscode: vscode://schemas/workbench-colors
2025-01-08 10:39:18.457 [info] read schema from vscode: vscode://schemas/ignoredSettings
2025-01-08 10:39:18.843 [info] schema change detected vscode://schemas/settings/default
2025-01-08 10:39:18.843 [info] schema change detected vscode://schemas/settings/user
2025-01-08 10:39:18.843 [info] schema change detected vscode://schemas/settings/folder
2025-01-08 10:39:18.845 [info] read schema from vscode: vscode://schemas/settings/user
2025-01-08 10:39:33.659 [info] schema change detected vscode://schemas/settings/default
2025-01-08 10:39:33.660 [info] schema change detected vscode://schemas/settings/user
2025-01-08 10:39:33.660 [info] schema change detected vscode://schemas/settings/folder
2025-01-08 10:39:33.663 [info] read schema from vscode: vscode://schemas/settings/user
2025-01-08 10:41:05.223 [info] schema change detected vscode://schemas/settings/default
2025-01-08 10:41:05.223 [info] schema change detected vscode://schemas/settings/user
2025-01-08 10:41:05.223 [info] schema change detected vscode://schemas/settings/folder
2025-01-08 10:41:05.227 [info] read schema from vscode: vscode://schemas/settings/user
2025-01-08 10:41:21.693 [info] schema change detected vscode://schemas/settings/default
2025-01-08 10:41:21.693 [info] schema change detected vscode://schemas/settings/user
2025-01-08 10:41:21.693 [info] schema change detected vscode://schemas/settings/folder
2025-01-08 10:43:14.958 [info] cancelled
2025-01-08 10:43:14.959 [info] read schema from vscode: vscode://schemas/settings/folder
2025-01-08 10:43:15.995 [info] schema change detected vscode://schemas/settings/default
2025-01-08 10:43:15.995 [info] schema change detected vscode://schemas/settings/user
2025-01-08 10:43:15.995 [info] schema change detected vscode://schemas/settings/folder
2025-01-08 10:43:15.998 [info] read schema from vscode: vscode://schemas/settings/folder
2025-01-08 10:43:16.239 [info] cancelled
2025-01-08 10:43:34.827 [info] schema change detected vscode://schemas/settings/default
2025-01-08 10:43:34.827 [info] schema change detected vscode://schemas/settings/user
2025-01-08 10:43:34.827 [info] schema change detected vscode://schemas/settings/folder
2025-01-08 10:43:43.422 [info] cancelled
2025-01-08 10:43:43.424 [info] read schema from vscode: vscode://schemas/settings/user
2025-01-08 10:43:44.492 [info] schema change detected vscode://schemas/settings/default
2025-01-08 10:43:44.492 [info] schema change detected vscode://schemas/settings/user
2025-01-08 10:43:44.492 [info] schema change detected vscode://schemas/settings/folder
2025-01-08 10:43:44.496 [info] read schema from vscode: vscode://schemas/settings/user
2025-01-08 10:45:13.540 [info] schema change detected vscode://schemas/settings/default
2025-01-08 10:45:13.540 [info] schema change detected vscode://schemas/settings/user
2025-01-08 10:45:13.540 [info] schema change detected vscode://schemas/settings/folder
2025-01-08 10:48:24.989 [info] read schema from vscode: vscode://schemas/settings/machine
2025-01-08 10:48:25.339 [info] cancelled
2025-01-08 10:48:25.347 [info] read schema from vscode: vscode://schemas/settings/machine
2025-01-08 10:48:25.434 [info] read schema from vscode: vscode://schemas/settings/resourceLanguage
2025-01-08 10:48:25.436 [info] read schema from vscode: vscode://schemas/launch
2025-01-08 10:48:25.437 [info] read schema from vscode: vscode://schemas/token-styling
2025-01-08 10:48:25.437 [info] read schema from vscode: vscode://schemas/textmate-colors
2025-01-08 10:48:25.437 [info] read schema from vscode: vscode://schemas/workbench-colors
2025-01-08 10:48:25.586 [info] cancelled
2025-01-08 10:48:26.048 [info] schema change detected vscode://schemas/settings/default
2025-01-08 10:48:26.048 [info] schema change detected vscode://schemas/settings/user
2025-01-08 10:48:26.048 [info] schema change detected vscode://schemas/settings/machine
2025-01-08 10:48:26.048 [info] schema change detected vscode://schemas/settings/folder
2025-01-08 10:48:26.053 [info] read schema from vscode: vscode://schemas/settings/machine
2025-01-08 10:48:54.985 [info] schema change detected vscode://schemas/settings/default
2025-01-08 10:48:54.985 [info] schema change detected vscode://schemas/settings/user
2025-01-08 10:48:54.985 [info] schema change detected vscode://schemas/settings/machine
2025-01-08 10:48:54.985 [info] schema change detected vscode://schemas/settings/folder
2025-01-08 10:49:08.446 [info] cancelled
2025-01-08 10:49:08.449 [info] read schema from vscode: vscode://schemas/settings/folder
2025-01-08 10:49:09.464 [info] schema change detected vscode://schemas/settings/default
2025-01-08 10:49:09.464 [info] schema change detected vscode://schemas/settings/user
2025-01-08 10:49:09.464 [info] schema change detected vscode://schemas/settings/machine
2025-01-08 10:49:09.464 [info] schema change detected vscode://schemas/settings/folder
2025-01-08 10:49:09.466 [info] read schema from vscode: vscode://schemas/settings/folder
2025-01-08 10:49:35.698 [info] schema change detected vscode://schemas/settings/default
2025-01-08 10:49:35.698 [info] schema change detected vscode://schemas/settings/user
2025-01-08 10:49:35.698 [info] schema change detected vscode://schemas/settings/machine
2025-01-08 10:49:35.698 [info] schema change detected vscode://schemas/settings/folder
2025-01-08 10:54:57.938 [info] cancelled
2025-01-08 10:54:57.940 [info] read schema from vscode: vscode://schemas/settings/folder
2025-01-08 10:54:58.965 [info] schema change detected vscode://schemas/settings/default
2025-01-08 10:54:58.965 [info] schema change detected vscode://schemas/settings/user
2025-01-08 10:54:58.965 [info] schema change detected vscode://schemas/settings/machine
2025-01-08 10:54:58.965 [info] schema change detected vscode://schemas/settings/folder
2025-01-08 10:54:58.968 [info] read schema from vscode: vscode://schemas/settings/folder
2025-01-08 10:56:33.413 [info] schema change detected vscode://schemas/settings/default
2025-01-08 10:56:33.414 [info] schema change detected vscode://schemas/settings/user
2025-01-08 10:56:33.414 [info] schema change detected vscode://schemas/settings/machine
2025-01-08 10:56:33.414 [info] schema change detected vscode://schemas/settings/folder
