2025-01-08 09:41:36.132 [info] Name: isort
2025-01-08 09:41:36.132 [info] Module: isort
2025-01-08 09:41:36.132 [info] Python extension loading
2025-01-08 09:41:36.132 [info] Waiting for interpreter from python extension.
2025-01-08 09:41:36.132 [info] No interpreter found from setting isort.interpreter
2025-01-08 09:41:36.132 [info] Getting interpreter from ms-python.python extension for workspace /root
2025-01-08 09:41:36.132 [info] Python extension loaded
2025-01-08 09:41:36.132 [info] Interpreter from ms-python.python extension for /root: /root/miniconda3/envs/mle-dev/bin/python
2025-01-08 09:41:36.132 [info] No interpreter found from setting isort.interpreter
2025-01-08 09:41:36.132 [info] Getting interpreter from ms-python.python extension for workspace /root
2025-01-08 09:41:36.132 [info] Interpreter from ms-python.python extension for /root: /root/miniconda3/envs/mle-dev/bin/python
2025-01-08 09:41:36.132 [info] Server run command: /root/miniconda3/envs/mle-dev/bin/python /root/.vscode-server/extensions/ms-python.isort-2023.10.1/bundled/tool/lsp_server.py
2025-01-08 09:41:36.132 [info] Server: Start requested.
2025-01-08 09:41:36.867 [info] CWD Server: /root
2025-01-08 09:41:36.867 [info] sys.path used to run Server:
   /root/.vscode-server/extensions/ms-python.isort-2023.10.1/bundled/libs
   /root/.vscode-server/extensions/ms-python.isort-2023.10.1/bundled/tool
   /root/miniconda3/envs/mle-dev/lib/python313.zip
   /root/miniconda3/envs/mle-dev/lib/python3.13
   /root/miniconda3/envs/mle-dev/lib/python3.13/lib-dynload
   /root/miniconda3/envs/mle-dev/lib/python3.13/site-packages
2025-01-08 09:41:36.867 [info] Settings used to run Server:
[
    {
        "check": false,
        "cwd": "/root",
        "workspace": "file:///root",
        "args": [],
        "path": [],
        "severity": {
            "W": "Warning",
            "E": "Hint"
        },
        "interpreter": [
            "/root/miniconda3/envs/mle-dev/bin/python"
        ],
        "importStrategy": "useBundled",
        "showNotifications": "off"
    }
]

2025-01-08 09:41:36.867 [info] Global settings:
{
    "check": false,
    "cwd": "/mnt/c/Users/akashvenkat.pala/AppData/Local/Programs/Microsoft VS Code",
    "workspace": "/mnt/c/Users/akashvenkat.pala/AppData/Local/Programs/Microsoft VS Code",
    "args": [],
    "path": [],
    "severity": {
        "W": "Warning",
        "E": "Hint"
    },
    "interpreter": [],
    "importStrategy": "useBundled",
    "showNotifications": "off"
}

2025-01-08 09:41:36.872 [info] /root/miniconda3/envs/mle-dev/bin/python -m isort --version-number
2025-01-08 09:41:36.872 [info] CWD Linter: /root
2025-01-08 09:41:36.877 [info] Version info for isort running for /root:
5.11.5

2025-01-08 09:41:36.877 [info] SUPPORTED isort>=5.10.1
FOUND isort==5.11.5

2025-01-08 09:46:54.788 [info] No interpreter found from setting isort.interpreter
2025-01-08 09:46:54.788 [info] Getting interpreter from ms-python.python extension for workspace /root
2025-01-08 09:46:54.791 [info] Interpreter from ms-python.python extension for /root: /root/miniconda3/envs/mle-dev/bin/python
2025-01-08 09:46:54.794 [info] Server: Stop requested
2025-01-08 09:46:54.870 [info] No interpreter found from setting isort.interpreter
2025-01-08 09:46:54.870 [info] Getting interpreter from ms-python.python extension for workspace /root
2025-01-08 09:46:54.872 [info] Interpreter from ms-python.python extension for /root: /root/miniconda3/envs/mle-dev/bin/python
2025-01-08 09:46:54.890 [info] Server run command: /root/miniconda3/envs/mle-dev/bin/python /root/.vscode-server/extensions/ms-python.isort-2023.10.1/bundled/tool/lsp_server.py
2025-01-08 09:46:54.891 [info] Server: Start requested.
2025-01-08 09:46:55.565 [info] CWD Server: /root
2025-01-08 09:46:55.565 [info] sys.path used to run Server:
   /root/.vscode-server/extensions/ms-python.isort-2023.10.1/bundled/libs
   /root/.vscode-server/extensions/ms-python.isort-2023.10.1/bundled/tool
   /root/miniconda3/envs/mle-dev/lib/python313.zip
   /root/miniconda3/envs/mle-dev/lib/python3.13
   /root/miniconda3/envs/mle-dev/lib/python3.13/lib-dynload
   /root/miniconda3/envs/mle-dev/lib/python3.13/site-packages
2025-01-08 09:46:55.565 [info] Settings used to run Server:
[
    {
        "check": true,
        "cwd": "/root",
        "workspace": "file:///root",
        "args": [],
        "path": [],
        "severity": {
            "W": "Warning",
            "E": "Hint"
        },
        "interpreter": [
            "/root/miniconda3/envs/mle-dev/bin/python"
        ],
        "importStrategy": "useBundled",
        "showNotifications": "off"
    }
]

2025-01-08 09:46:55.565 [info] Global settings:
{
    "check": true,
    "cwd": "/mnt/c/Users/akashvenkat.pala/AppData/Local/Programs/Microsoft VS Code",
    "workspace": "/mnt/c/Users/akashvenkat.pala/AppData/Local/Programs/Microsoft VS Code",
    "args": [],
    "path": [],
    "severity": {
        "W": "Warning",
        "E": "Hint"
    },
    "interpreter": [],
    "importStrategy": "useBundled",
    "showNotifications": "off"
}

2025-01-08 09:46:55.567 [info] /root/miniconda3/envs/mle-dev/bin/python -m isort --version-number
2025-01-08 09:46:55.567 [info] CWD Linter: /root
2025-01-08 09:46:55.569 [info] Version info for isort running for /root:
5.11.5

2025-01-08 09:46:55.569 [info] SUPPORTED isort>=5.10.1
FOUND isort==5.11.5

2025-01-08 10:04:55.881 [info] No interpreter found from setting isort.interpreter
2025-01-08 10:04:55.881 [info] Getting interpreter from ms-python.python extension for workspace /root
2025-01-08 10:04:55.882 [info] Interpreter from ms-python.python extension for /root: /root/miniconda3/envs/mle-dev/bin/python
2025-01-08 10:04:55.884 [info] Server: Stop requested
2025-01-08 10:04:55.894 [info] No interpreter found from setting isort.interpreter
2025-01-08 10:04:55.894 [info] Getting interpreter from ms-python.python extension for workspace /root
2025-01-08 10:04:55.895 [info] Interpreter from ms-python.python extension for /root: /root/miniconda3/envs/mle-dev/bin/python
2025-01-08 10:04:55.911 [info] Server run command: /root/miniconda3/envs/mle-dev/bin/python /root/.vscode-server/extensions/ms-python.isort-2023.10.1/bundled/tool/lsp_server.py
2025-01-08 10:04:55.913 [info] Server: Start requested.
2025-01-08 10:04:56.679 [info] CWD Server: /root
2025-01-08 10:04:56.679 [info] sys.path used to run Server:
   /root/.vscode-server/extensions/ms-python.isort-2023.10.1/bundled/libs
   /root/.vscode-server/extensions/ms-python.isort-2023.10.1/bundled/tool
   /root/miniconda3/envs/mle-dev/lib/python313.zip
   /root/miniconda3/envs/mle-dev/lib/python3.13
   /root/miniconda3/envs/mle-dev/lib/python3.13/lib-dynload
   /root/miniconda3/envs/mle-dev/lib/python3.13/site-packages
2025-01-08 10:04:56.679 [info] Settings used to run Server:
[
    {
        "check": false,
        "cwd": "/root",
        "workspace": "file:///root",
        "args": [],
        "path": [],
        "severity": {
            "W": "Warning",
            "E": "Hint"
        },
        "interpreter": [
            "/root/miniconda3/envs/mle-dev/bin/python"
        ],
        "importStrategy": "useBundled",
        "showNotifications": "off"
    }
]

2025-01-08 10:04:56.679 [info] Global settings:
{
    "check": false,
    "cwd": "/mnt/c/Users/akashvenkat.pala/AppData/Local/Programs/Microsoft VS Code",
    "workspace": "/mnt/c/Users/akashvenkat.pala/AppData/Local/Programs/Microsoft VS Code",
    "args": [],
    "path": [],
    "severity": {
        "W": "Warning",
        "E": "Hint"
    },
    "interpreter": [],
    "importStrategy": "useBundled",
    "showNotifications": "off"
}

2025-01-08 10:04:56.682 [info] /root/miniconda3/envs/mle-dev/bin/python -m isort --version-number
2025-01-08 10:04:56.682 [info] CWD Linter: /root
2025-01-08 10:04:56.685 [info] Version info for isort running for /root:
5.11.5

2025-01-08 10:04:56.686 [info] SUPPORTED isort>=5.10.1
FOUND isort==5.11.5

