2025-01-08 11:03:55.357 [info] read schema from vscode: vscode://schemas/settings/user
2025-01-08 11:03:55.361 [info] cancelled
2025-01-08 11:03:55.479 [info] read schema from vscode: vscode://schemas/settings/resourceLanguage
2025-01-08 11:03:55.487 [info] read schema from vscode: vscode://schemas/launch
2025-01-08 11:03:55.489 [info] read schema from vscode: vscode://schemas/token-styling
2025-01-08 11:03:55.489 [info] read schema from vscode: vscode://schemas/textmate-colors
2025-01-08 11:03:55.489 [info] read schema from vscode: vscode://schemas/workbench-colors
2025-01-08 11:03:55.491 [info] read schema from vscode: vscode://schemas/ignoredSettings
2025-01-08 11:03:56.448 [info] schema change detected vscode://schemas/settings/user
2025-01-08 11:03:56.451 [info] read schema from vscode: vscode://schemas/settings/user
2025-01-08 11:04:00.288 [info] schema change detected vscode://schemas/settings/user
2025-01-08 11:04:00.298 [info] read schema from vscode: vscode://schemas/settings/user
2025-01-08 11:04:00.409 [info] schema change detected vscode://schemas/launch
2025-01-08 11:04:00.499 [info] read schema from vscode: vscode://schemas/settings/user
2025-01-08 11:04:00.570 [info] read schema from vscode: vscode://schemas/launch
2025-01-08 11:04:14.438 [info] schema change detected vscode://schemas/settings/user
2025-01-08 11:04:14.440 [info] read schema from vscode: vscode://schemas/settings/user
2025-01-08 11:08:04.465 [info] read schema from vscode: vscode://schemas/settings/user
2025-01-08 11:08:04.600 [info] read schema from vscode: vscode://schemas/settings/resourceLanguage
2025-01-08 11:08:04.609 [info] read schema from vscode: vscode://schemas/launch
2025-01-08 11:08:04.612 [info] read schema from vscode: vscode://schemas/token-styling
2025-01-08 11:08:04.613 [info] read schema from vscode: vscode://schemas/textmate-colors
2025-01-08 11:08:04.613 [info] read schema from vscode: vscode://schemas/workbench-colors
2025-01-08 11:08:04.615 [info] read schema from vscode: vscode://schemas/ignoredSettings
2025-01-08 11:08:08.172 [info] schema change detected vscode://schemas/settings/user
2025-01-08 11:10:18.792 [info] read schema from vscode: vscode://schemas/settings/folder
2025-01-08 11:10:19.833 [info] schema change detected vscode://schemas/settings/user
2025-01-08 11:10:19.833 [info] schema change detected vscode://schemas/settings/folder
2025-01-08 11:10:19.836 [info] read schema from vscode: vscode://schemas/settings/folder
2025-01-08 11:11:09.270 [info] read schema from vscode: vscode://schemas/settings/folder
2025-01-08 11:11:09.457 [info] read schema from vscode: vscode://schemas/settings/resourceLanguage
2025-01-08 11:11:09.463 [info] read schema from vscode: vscode://schemas/launch
2025-01-08 11:11:09.466 [info] read schema from vscode: vscode://schemas/token-styling
2025-01-08 11:11:09.466 [info] read schema from vscode: vscode://schemas/textmate-colors
2025-01-08 11:11:09.466 [info] read schema from vscode: vscode://schemas/workbench-colors
2025-01-08 11:11:57.113 [info] schema change detected vscode://schemas/settings/user
2025-01-08 11:11:57.113 [info] schema change detected vscode://schemas/settings/folder
2025-01-08 11:12:20.323 [info] schema change detected vscode://schemas/settings/user
2025-01-08 11:12:20.324 [info] schema change detected vscode://schemas/settings/folder
2025-01-08 11:12:43.621 [info] read schema from vscode: vscode://schemas/settings/folder
2025-01-08 11:12:43.906 [info] cancelled
2025-01-08 11:12:44.119 [info] read schema from vscode: vscode://schemas/settings/folder
2025-01-08 11:12:44.362 [info] read schema from vscode: vscode://schemas/settings/resourceLanguage
2025-01-08 11:12:44.366 [info] read schema from vscode: vscode://schemas/launch
2025-01-08 11:12:44.367 [info] read schema from vscode: vscode://schemas/token-styling
2025-01-08 11:12:44.368 [info] read schema from vscode: vscode://schemas/textmate-colors
2025-01-08 11:12:44.368 [info] read schema from vscode: vscode://schemas/workbench-colors
2025-01-08 11:12:44.665 [info] schema change detected vscode://schemas/settings/user
2025-01-08 11:12:44.665 [info] schema change detected vscode://schemas/settings/folder
2025-01-08 11:12:44.668 [info] read schema from vscode: vscode://schemas/settings/folder
2025-01-08 11:14:09.106 [info] schema change detected vscode://schemas/settings/user
2025-01-08 11:14:09.106 [info] schema change detected vscode://schemas/settings/folder
2025-01-08 11:14:09.752 [info] cancelled
2025-01-08 11:14:09.753 [info] read schema from vscode: vscode://schemas/settings/folder
2025-01-08 11:14:10.792 [info] schema change detected vscode://schemas/settings/user
2025-01-08 11:14:10.792 [info] schema change detected vscode://schemas/settings/folder
2025-01-08 11:14:10.795 [info] read schema from vscode: vscode://schemas/settings/folder
2025-01-08 11:16:24.415 [info] schema change detected vscode://schemas/settings/user
2025-01-08 11:16:24.415 [info] schema change detected vscode://schemas/settings/folder
2025-01-08 11:16:24.421 [info] read schema from vscode: vscode://schemas/settings/folder
2025-01-08 11:20:27.197 [info] schema change detected vscode://schemas/settings/user
2025-01-08 11:20:27.197 [info] schema change detected vscode://schemas/settings/folder
2025-01-08 11:21:41.611 [info] cancelled
2025-01-08 11:21:41.612 [info] read schema from vscode: vscode://schemas/settings/folder
2025-01-08 11:21:42.661 [info] schema change detected vscode://schemas/settings/user
2025-01-08 11:21:42.661 [info] schema change detected vscode://schemas/settings/folder
2025-01-08 11:21:42.664 [info] read schema from vscode: vscode://schemas/settings/folder
2025-01-08 11:21:53.947 [info] schema change detected vscode://schemas/settings/user
2025-01-08 11:21:53.947 [info] schema change detected vscode://schemas/settings/folder
2025-01-08 11:21:53.950 [info] read schema from vscode: vscode://schemas/settings/folder
2025-01-08 11:23:40.641 [info] schema change detected vscode://schemas/settings/user
2025-01-08 11:23:40.641 [info] schema change detected vscode://schemas/settings/folder
2025-01-08 11:23:40.644 [info] read schema from vscode: vscode://schemas/settings/folder
2025-01-08 11:23:41.502 [info] schema change detected vscode://schemas/launch
2025-01-08 11:23:41.504 [info] read schema from vscode: vscode://schemas/settings/folder
2025-01-08 11:23:41.603 [info] read schema from vscode: vscode://schemas/launch
2025-01-08 11:24:27.843 [info] schema change detected vscode://schemas/settings/user
2025-01-08 11:24:27.843 [info] schema change detected vscode://schemas/settings/folder
2025-01-08 11:24:27.847 [info] read schema from vscode: vscode://schemas/settings/folder
2025-01-08 11:25:05.190 [info] schema change detected vscode://schemas/settings/user
2025-01-08 11:25:05.191 [info] schema change detected vscode://schemas/settings/folder
2025-01-08 11:25:05.193 [info] read schema from vscode: vscode://schemas/settings/folder
2025-01-08 11:25:06.485 [info] schema change detected vscode://schemas/settings/user
2025-01-08 11:25:06.485 [info] schema change detected vscode://schemas/settings/folder
2025-01-08 11:25:06.489 [info] read schema from vscode: vscode://schemas/settings/folder
2025-01-08 11:25:41.357 [info] schema change detected vscode://schemas/settings/user
2025-01-08 11:25:41.357 [info] schema change detected vscode://schemas/settings/folder
2025-01-08 11:25:41.360 [info] read schema from vscode: vscode://schemas/settings/folder
2025-01-08 11:25:59.388 [info] read schema from vscode: vscode://schemas/vscode-extensions
2025-01-08 11:25:59.557 [info] read schema from vscode: vscode://schemas/toolsParameters
2025-01-08 11:25:59.560 [info] read schema from vscode: vscode://schemas/settings/configurationDefaults
2025-01-08 11:27:27.519 [info] schema change detected vscode://schemas/settings/user
2025-01-08 11:27:27.520 [info] schema change detected vscode://schemas/settings/folder
2025-01-08 11:27:27.520 [info] schema change detected vscode://schemas/settings/configurationDefaults
2025-01-08 11:27:27.522 [info] read schema from vscode: vscode://schemas/settings/folder
2025-01-08 11:27:27.781 [info] cancelled
2025-01-08 11:27:53.322 [info] schema change detected vscode://schemas/settings/user
2025-01-08 11:27:53.322 [info] schema change detected vscode://schemas/settings/folder
2025-01-08 11:27:53.322 [info] schema change detected vscode://schemas/settings/configurationDefaults
2025-01-08 11:28:12.782 [info] cancelled
2025-01-08 11:28:12.783 [info] cancelled
