2025-01-08 15:04:43.662 [info] (Client) Pylance async client (2024.12.1) started with python extension (2024.22.2)
2025-01-08 15:04:43.957 [info] [Info  - 3:04:43 PM] (417) Server root directory: file:///root/.vscode-server/extensions/ms-python.vscode-pylance-2024.12.1/dist
2025-01-08 15:04:43.957 [info] [Info  - 3:04:43 PM] (417) Pylance language server 2024.12.1 (pyright version 1.1.389, commit ce1325fc) starting
2025-01-08 15:04:43.958 [info] [Info  - 3:04:43 PM] (417) Starting service instance "root"
2025-01-08 15:04:43.991 [info] [Info  - 3:04:43 PM] (417) Setting environmentName for service "root": "3.13.1 (mle-dev conda)"
2025-01-08 15:04:43.991 [info] [Info  - 3:04:43 PM] (417) Setting pythonPath for service "root": "/root/miniconda3/envs/mle-dev/bin/python"
2025-01-08 15:04:43.992 [info] [Info  - 3:04:43 PM] (417) No include entries specified; assuming /root
2025-01-08 15:04:43.992 [info] [Info  - 3:04:43 PM] (417) Auto-excluding **/node_modules
2025-01-08 15:04:43.992 [info] [Info  - 3:04:43 PM] (417) Auto-excluding **/__pycache__
2025-01-08 15:04:43.992 [info] [Info  - 3:04:43 PM] (417) Auto-excluding **/.*
2025-01-08 15:04:44.010 [info] [Info  - 3:04:44 PM] (417) Assuming Python version 3.13.1.final.0
2025-01-08 15:04:44.051 [info] [Info  - 3:04:44 PM] (417) Auto-excluding /root/miniconda3
2025-01-08 15:04:44.053 [info] [Info  - 3:04:44 PM] (417) Found 1 source file
2025-01-08 15:04:44.275 [info] [Info  - 3:04:44 PM] (417) Background analysis(1) root directory: file:///root/.vscode-server/extensions/ms-python.vscode-pylance-2024.12.1/dist
2025-01-08 15:04:44.277 [info] [Info  - 3:04:44 PM] (417) Background analysis(1) started
2025-01-08 15:08:54.267 [info] [Info  - 3:08:54 PM] (417) Indexer background runner(2) root directory: file:///root/.vscode-server/extensions/ms-python.vscode-pylance-2024.12.1/dist (index)
2025-01-08 15:08:54.268 [info] [Info  - 3:08:54 PM] (417) Indexing(2) started
2025-01-08 15:08:54.598 [info] [Info  - 3:08:54 PM] (417) scanned(2) 201 files over 1 exec env
2025-01-08 15:08:54.778 [info] [Info  - 3:08:54 PM] (417) indexed(2) 201 files over 1 exec env
2025-01-08 15:08:54.808 [info] [Info  - 3:08:54 PM] (417) Indexing finished(2).
2025-01-08 15:13:27.458 [info] [Info  - 3:13:27 PM] (417) Setting environmentName for service "root": "3.13.1 (mle-dev conda)"
2025-01-08 15:13:27.458 [info] [Info  - 3:13:27 PM] (417) Setting pythonPath for service "root": "/root/miniconda3/envs/mle-dev/bin/python"
2025-01-08 15:13:27.459 [info] [Info  - 3:13:27 PM] (417) No include entries specified; assuming /root
2025-01-08 15:13:27.460 [info] [Info  - 3:13:27 PM] (417) Auto-excluding **/node_modules
2025-01-08 15:13:27.460 [info] [Info  - 3:13:27 PM] (417) Auto-excluding **/__pycache__
2025-01-08 15:13:27.460 [info] [Info  - 3:13:27 PM] (417) Auto-excluding **/.*
2025-01-08 15:13:27.475 [info] [Info  - 3:13:27 PM] (417) Assuming Python version 3.13.1.final.0
2025-01-08 15:13:27.504 [info] [Info  - 3:13:27 PM] (417) Auto-excluding /root/miniconda3
2025-01-08 15:13:27.505 [info] [Info  - 3:13:27 PM] (417) Found 1 source file
2025-01-08 15:13:27.787 [info] [Info  - 3:13:27 PM] (417) Indexer background runner(3) root directory: file:///root/.vscode-server/extensions/ms-python.vscode-pylance-2024.12.1/dist (index)
2025-01-08 15:13:27.787 [info] [Info  - 3:13:27 PM] (417) Indexing(3) started
2025-01-08 15:13:28.029 [info] [Info  - 3:13:28 PM] (417) scanned(3) 201 files over 1 exec env
2025-01-08 15:13:28.174 [info] [Info  - 3:13:28 PM] (417) indexed(3) 201 files over 1 exec env
2025-01-08 15:13:28.211 [info] [Info  - 3:13:28 PM] (417) Indexing finished(3).
