2025-01-08 09:34:12.338 [info] [main] Log level: Info
2025-01-08 09:34:12.338 [info] [main] Validating found git in: "git"
2025-01-08 09:34:12.338 [info] [main] Using git "2.47.1" from "git"
2025-01-08 09:34:12.338 [info] [Model][doInitialScan] Initial repository scan started
2025-01-08 09:34:12.338 [info] > git rev-parse --show-toplevel [6ms]
2025-01-08 09:34:12.340 [info] > git rev-parse --git-dir --git-common-dir [2ms]
2025-01-08 09:34:12.358 [info] [Model][openRepository] Opened repository: /root
2025-01-08 09:34:12.370 [info] > git config --get commit.template [3ms]
2025-01-08 09:34:12.383 [info] > git rev-parse --show-toplevel [11ms]
2025-01-08 09:34:12.415 [info] > git for-each-ref --format=%(refname)%00%(upstream:short)%00%(objectname)%00%(upstream:track)%00%(upstream:remotename)%00%(upstream:remoteref) refs/heads/fix/4/manual-refactor refs/remotes/fix/4/manual-refactor [38ms]
2025-01-08 09:34:12.421 [info] > git rev-parse --show-toplevel [35ms]
2025-01-08 09:34:12.439 [info] > git rev-parse --show-toplevel [1ms]
2025-01-08 09:34:12.442 [info] > git rev-parse --show-toplevel [0ms]
2025-01-08 09:34:12.445 [info] > git rev-parse --show-toplevel [1ms]
2025-01-08 09:34:12.450 [info] > git rev-parse --show-toplevel [1ms]
2025-01-08 09:34:12.453 [info] > git rev-parse --show-toplevel [1ms]
2025-01-08 09:34:12.455 [info] > git rev-parse --show-toplevel [0ms]
2025-01-08 09:34:12.458 [info] > git rev-parse --show-toplevel [1ms]
2025-01-08 09:34:12.461 [info] [Model][doInitialScan] Initial repository scan completed - repositories (1), closed repositories (0), parent repositories (0), unsafe repositories (0)
2025-01-08 09:34:12.738 [info] > git show -s --decorate=full --shortstat --format=%H%n%aN%n%aE%n%at%n%ct%n%P%n%D%n%B -z d61768c20cff46372361dacf35e505f81829c587 [356ms]
2025-01-08 09:34:12.746 [info] > git for-each-ref --sort -committerdate --format %(refname) %(objectname) %(*objectname) [1ms]
2025-01-08 09:34:12.752 [info] > git status -z -uall [10ms]
2025-01-08 09:34:12.795 [info] > git for-each-ref --format=%(refname)%00%(upstream:short)%00%(objectname)%00%(upstream:track)%00%(upstream:remotename)%00%(upstream:remoteref) refs/heads/fix/4/manual-refactor refs/remotes/fix/4/manual-refactor [9ms]
2025-01-08 09:34:12.800 [info] > git config --get commit.template [7ms]
2025-01-08 09:34:12.801 [info] > git config --local branch.fix/4/manual-refactor.vscode-merge-base [3ms]
2025-01-08 09:34:12.801 [warning] [Git][config] git config failed: Failed to execute git
2025-01-08 09:34:12.809 [info] > git for-each-ref --format=%(refname)%00%(upstream:short)%00%(objectname)%00%(upstream:track)%00%(upstream:remotename)%00%(upstream:remoteref) refs/heads/fix/4/manual-refactor refs/remotes/fix/4/manual-refactor [3ms]
2025-01-08 09:34:12.809 [info] > git reflog fix/4/manual-refactor --grep-reflog=branch: Created from *. [5ms]
2025-01-08 09:34:12.859 [info] > git reflog HEAD --grep-reflog=checkout: moving from .* to fix/4/manual-refactor [48ms]
2025-01-08 09:34:13.051 [info] > git for-each-ref --format=%(refname)%00%(upstream:short)%00%(objectname)%00%(upstream:track)%00%(upstream:remotename)%00%(upstream:remoteref) refs/heads/c6a5f051a0f185a985cf938ee857e530d060589d refs/remotes/c6a5f051a0f185a985cf938ee857e530d060589d [189ms]
2025-01-08 09:34:13.051 [warning] [Git][getBranch] No such branch: c6a5f051a0f185a985cf938ee857e530d060589d
2025-01-08 09:34:13.054 [info] > git show -s --decorate=full --shortstat --format=%H%n%aN%n%aE%n%at%n%ct%n%P%n%D%n%B -z d61768c20cff46372361dacf35e505f81829c587 [246ms]
2025-01-08 09:34:13.073 [info] > git status -z -uall [17ms]
2025-01-08 09:34:13.073 [info] > git check-ignore -v -z --stdin [10ms]
2025-01-08 09:34:13.075 [info] > git for-each-ref --sort -committerdate --format %(refname) %(objectname) %(*objectname) [15ms]
2025-01-08 09:34:13.106 [info] > git symbolic-ref --short refs/remotes/origin/HEAD [51ms]
2025-01-08 09:34:13.106 [info] fatal: ref refs/remotes/origin/HEAD is not a symbolic ref
2025-01-08 09:34:13.106 [warning] [Repository][getDefaultBranch] Failed to get default branch details: Failed to execute git.
2025-01-08 09:34:13.108 [info] > git for-each-ref --format=%(refname)%00%(upstream:short)%00%(objectname)%00%(upstream:track)%00%(upstream:remotename)%00%(upstream:remoteref) refs/heads/fix/4/manual-refactor refs/remotes/fix/4/manual-refactor [7ms]
2025-01-08 09:34:13.112 [info] > git config --local branch.fix/4/manual-refactor.vscode-merge-base [1ms]
2025-01-08 09:34:13.112 [warning] [Git][config] git config failed: Failed to execute git
2025-01-08 09:34:13.117 [info] > git reflog fix/4/manual-refactor --grep-reflog=branch: Created from *. [2ms]
2025-01-08 09:34:13.122 [info] > git reflog HEAD --grep-reflog=checkout: moving from .* to fix/4/manual-refactor [2ms]
2025-01-08 09:34:13.127 [info] > git for-each-ref --format=%(refname)%00%(upstream:short)%00%(objectname)%00%(upstream:track)%00%(upstream:remotename)%00%(upstream:remoteref) refs/heads/c6a5f051a0f185a985cf938ee857e530d060589d refs/remotes/c6a5f051a0f185a985cf938ee857e530d060589d [3ms]
2025-01-08 09:34:13.127 [warning] [Git][getBranch] No such branch: c6a5f051a0f185a985cf938ee857e530d060589d
2025-01-08 09:34:13.129 [info] > git symbolic-ref --short refs/remotes/origin/HEAD [1ms]
2025-01-08 09:34:13.129 [info] fatal: ref refs/remotes/origin/HEAD is not a symbolic ref
2025-01-08 09:34:13.129 [warning] [Repository][getDefaultBranch] Failed to get default branch details: Failed to execute git.
2025-01-08 09:36:16.444 [info] > git config --get commit.template [2ms]
2025-01-08 09:36:16.453 [info] > git for-each-ref --format=%(refname)%00%(upstream:short)%00%(objectname)%00%(upstream:track)%00%(upstream:remotename)%00%(upstream:remoteref) refs/heads/fix/4/manual-refactor refs/remotes/fix/4/manual-refactor [1ms]
2025-01-08 09:36:16.667 [info] > git show -s --decorate=full --shortstat --format=%H%n%aN%n%aE%n%at%n%ct%n%P%n%D%n%B -z d61768c20cff46372361dacf35e505f81829c587 [219ms]
2025-01-08 09:36:16.677 [info] > git for-each-ref --sort -committerdate --format %(refname) %(objectname) %(*objectname) [1ms]
2025-01-08 09:36:16.686 [info] > git status -z -uall [15ms]
2025-01-08 09:36:46.210 [info] > git config --get commit.template [1ms]
2025-01-08 09:36:46.216 [info] > git for-each-ref --format=%(refname)%00%(upstream:short)%00%(objectname)%00%(upstream:track)%00%(upstream:remotename)%00%(upstream:remoteref) refs/heads/fix/4/manual-refactor refs/remotes/fix/4/manual-refactor [3ms]
2025-01-08 09:36:46.427 [info] > git show -s --decorate=full --shortstat --format=%H%n%aN%n%aE%n%at%n%ct%n%P%n%D%n%B -z d61768c20cff46372361dacf35e505f81829c587 [211ms]
2025-01-08 09:36:46.443 [info] > git status -z -uall [13ms]
2025-01-08 09:36:46.443 [info] > git for-each-ref --sort -committerdate --format %(refname) %(objectname) %(*objectname) [6ms]
2025-01-08 09:36:53.997 [info] > git log --format=%H%n%aN%n%aE%n%at%n%ct%n%P%n%D%n%B -z --shortstat --diff-merges=first-parent -n50 --skip=0 --topo-order --decorate=full --stdin [459ms]
2025-01-08 09:36:54.076 [info] > git check-ignore -v -z --stdin [1ms]
2025-01-08 09:37:02.505 [info] > git check-ignore -v -z --stdin [1ms]
2025-01-08 09:37:06.280 [info] > git check-ignore -v -z --stdin [3ms]
2025-01-08 09:37:12.017 [info] > git config --get commit.template [2ms]
2025-01-08 09:37:12.024 [info] > git for-each-ref --format=%(refname)%00%(upstream:short)%00%(objectname)%00%(upstream:track)%00%(upstream:remotename)%00%(upstream:remoteref) refs/heads/fix/4/manual-refactor refs/remotes/fix/4/manual-refactor [3ms]
2025-01-08 09:37:12.810 [info] > git show -s --decorate=full --shortstat --format=%H%n%aN%n%aE%n%at%n%ct%n%P%n%D%n%B -z d61768c20cff46372361dacf35e505f81829c587 [787ms]
2025-01-08 09:37:12.818 [info] > git for-each-ref --sort -committerdate --format %(refname) %(objectname) %(*objectname) [1ms]
2025-01-08 09:37:12.824 [info] > git status -z -uall [11ms]
2025-01-08 09:38:28.562 [info] > git config --get commit.template [8ms]
2025-01-08 09:38:28.567 [info] > git for-each-ref --format=%(refname)%00%(upstream:short)%00%(objectname)%00%(upstream:track)%00%(upstream:remotename)%00%(upstream:remoteref) refs/heads/fix/4/manual-refactor refs/remotes/fix/4/manual-refactor [7ms]
2025-01-08 09:38:28.819 [info] > git show -s --decorate=full --shortstat --format=%H%n%aN%n%aE%n%at%n%ct%n%P%n%D%n%B -z d61768c20cff46372361dacf35e505f81829c587 [253ms]
2025-01-08 09:38:28.828 [info] > git for-each-ref --sort -committerdate --format %(refname) %(objectname) %(*objectname) [1ms]
2025-01-08 09:38:28.841 [info] > git status -z -uall [18ms]
2025-01-08 09:38:51.668 [info] > git config --get commit.template [2ms]
2025-01-08 09:38:51.676 [info] > git for-each-ref --format=%(refname)%00%(upstream:short)%00%(objectname)%00%(upstream:track)%00%(upstream:remotename)%00%(upstream:remoteref) refs/heads/fix/4/manual-refactor refs/remotes/fix/4/manual-refactor [5ms]
2025-01-08 09:38:51.892 [info] > git show -s --decorate=full --shortstat --format=%H%n%aN%n%aE%n%at%n%ct%n%P%n%D%n%B -z d61768c20cff46372361dacf35e505f81829c587 [218ms]
2025-01-08 09:38:51.901 [info] > git for-each-ref --sort -committerdate --format %(refname) %(objectname) %(*objectname) [3ms]
2025-01-08 09:38:51.906 [info] > git status -z -uall [11ms]
2025-01-08 09:38:56.935 [info] > git config --get commit.template [1ms]
2025-01-08 09:38:56.941 [info] > git for-each-ref --format=%(refname)%00%(upstream:short)%00%(objectname)%00%(upstream:track)%00%(upstream:remotename)%00%(upstream:remoteref) refs/heads/fix/4/manual-refactor refs/remotes/fix/4/manual-refactor [3ms]
2025-01-08 09:38:57.137 [info] > git show -s --decorate=full --shortstat --format=%H%n%aN%n%aE%n%at%n%ct%n%P%n%D%n%B -z d61768c20cff46372361dacf35e505f81829c587 [197ms]
2025-01-08 09:38:57.149 [info] > git status -z -uall [9ms]
2025-01-08 09:38:57.149 [info] > git for-each-ref --sort -committerdate --format %(refname) %(objectname) %(*objectname) [4ms]
2025-01-08 09:40:43.034 [info] > git config --get commit.template [2ms]
2025-01-08 09:40:43.042 [info] > git for-each-ref --format=%(refname)%00%(upstream:short)%00%(objectname)%00%(upstream:track)%00%(upstream:remotename)%00%(upstream:remoteref) refs/heads/fix/4/manual-refactor refs/remotes/fix/4/manual-refactor [4ms]
2025-01-08 09:40:43.260 [info] > git show -s --decorate=full --shortstat --format=%H%n%aN%n%aE%n%at%n%ct%n%P%n%D%n%B -z d61768c20cff46372361dacf35e505f81829c587 [219ms]
2025-01-08 09:40:43.276 [info] > git status -z -uall [11ms]
2025-01-08 09:40:43.276 [info] > git for-each-ref --sort -committerdate --format %(refname) %(objectname) %(*objectname) [3ms]
2025-01-08 09:40:57.048 [info] > git config --get commit.template [1ms]
2025-01-08 09:40:57.053 [info] > git for-each-ref --format=%(refname)%00%(upstream:short)%00%(objectname)%00%(upstream:track)%00%(upstream:remotename)%00%(upstream:remoteref) refs/heads/fix/4/manual-refactor refs/remotes/fix/4/manual-refactor [2ms]
2025-01-08 09:40:57.214 [info] > git show -s --decorate=full --shortstat --format=%H%n%aN%n%aE%n%at%n%ct%n%P%n%D%n%B -z d61768c20cff46372361dacf35e505f81829c587 [161ms]
2025-01-08 09:40:57.220 [info] > git for-each-ref --sort -committerdate --format %(refname) %(objectname) %(*objectname) [1ms]
2025-01-08 09:40:57.231 [info] > git status -z -uall [14ms]
2025-01-08 09:41:02.284 [info] > git config --get commit.template [4ms]
2025-01-08 09:41:02.286 [info] > git for-each-ref --format=%(refname)%00%(upstream:short)%00%(objectname)%00%(upstream:track)%00%(upstream:remotename)%00%(upstream:remoteref) refs/heads/fix/4/manual-refactor refs/remotes/fix/4/manual-refactor [3ms]
2025-01-08 09:41:02.485 [info] > git show -s --decorate=full --shortstat --format=%H%n%aN%n%aE%n%at%n%ct%n%P%n%D%n%B -z d61768c20cff46372361dacf35e505f81829c587 [199ms]
2025-01-08 09:41:02.492 [info] > git for-each-ref --sort -committerdate --format %(refname) %(objectname) %(*objectname) [1ms]
2025-01-08 09:41:02.517 [info] > git status -z -uall [29ms]
2025-01-08 09:41:18.942 [info] > git config --get commit.template [5ms]
2025-01-08 09:41:18.943 [info] > git for-each-ref --format=%(refname)%00%(upstream:short)%00%(objectname)%00%(upstream:track)%00%(upstream:remotename)%00%(upstream:remoteref) refs/heads/fix/4/manual-refactor refs/remotes/fix/4/manual-refactor [3ms]
2025-01-08 09:41:19.132 [info] > git show -s --decorate=full --shortstat --format=%H%n%aN%n%aE%n%at%n%ct%n%P%n%D%n%B -z d61768c20cff46372361dacf35e505f81829c587 [190ms]
2025-01-08 09:41:19.138 [info] > git for-each-ref --sort -committerdate --format %(refname) %(objectname) %(*objectname) [2ms]
2025-01-08 09:41:19.181 [info] > git status -z -uall [47ms] (cancelled)
2025-01-08 10:08:32.169 [info] > git check-ignore -v -z --stdin [13ms]
2025-01-08 10:08:32.213 [info] > git show --textconv :.vscode/settings.json [9ms]
2025-01-08 10:08:32.213 [info] > git ls-files --stage -- /root/.vscode/settings.json [3ms]
2025-01-08 10:08:32.285 [info] > git blame --root --incremental 6d226833468f687208f70b581dfa70837e2c7dbc -- /root/.vscode/settings.json [4ms]
2025-01-08 10:08:32.285 [info] fatal: no such path .vscode/settings.json in 6d226833468f687208f70b581dfa70837e2c7dbc
2025-01-08 10:29:31.522 [info] > git check-ignore -v -z --stdin [2ms]
2025-01-08 10:30:04.440 [info] > git show --textconv :pycode.py [3ms]
2025-01-08 10:30:04.441 [info] > git ls-files --stage -- /root/pycode.py [2ms]
2025-01-08 10:30:04.444 [info] > git cat-file -s 52c16cf17ecfb41139dc84375b4e96581a509985 [0ms]
2025-01-08 10:30:34.550 [info] > git blame --root --incremental 6d226833468f687208f70b581dfa70837e2c7dbc -- /root/pycode.py [5ms]
2025-01-08 10:37:35.261 [info] > git show --textconv :.vscode/settings.json [5ms]
2025-01-08 10:37:35.262 [info] > git ls-files --stage -- /root/.vscode/settings.json [3ms]
2025-01-08 10:38:05.546 [info] > git show --textconv :.vscode/settings.json [3ms]
2025-01-08 10:38:05.547 [info] > git ls-files --stage -- /root/.vscode/settings.json [1ms]
2025-01-08 10:38:07.044 [info] > git show --textconv :pycode.py [3ms]
2025-01-08 10:38:07.045 [info] > git ls-files --stage -- /root/pycode.py [1ms]
2025-01-08 10:38:07.048 [info] > git cat-file -s 52c16cf17ecfb41139dc84375b4e96581a509985 [1ms]
2025-01-08 10:38:34.631 [info] > git show --textconv :.vscode/settings.json [4ms]
2025-01-08 10:38:34.633 [info] > git ls-files --stage -- /root/.vscode/settings.json [2ms]
2025-01-08 10:38:38.728 [info] > git show --textconv :.vscode/settings.json [4ms]
2025-01-08 10:38:38.729 [info] > git ls-files --stage -- /root/.vscode/settings.json [2ms]
2025-01-08 10:39:32.809 [info] > git show --textconv :pycode.py [6ms]
2025-01-08 10:39:32.810 [info] > git ls-files --stage -- /root/pycode.py [1ms]
2025-01-08 10:39:32.814 [info] > git cat-file -s 52c16cf17ecfb41139dc84375b4e96581a509985 [2ms]
2025-01-08 10:41:20.848 [info] > git show --textconv :pycode.py [4ms]
2025-01-08 10:41:20.849 [info] > git ls-files --stage -- /root/pycode.py [2ms]
2025-01-08 10:41:20.853 [info] > git cat-file -s 52c16cf17ecfb41139dc84375b4e96581a509985 [1ms]
2025-01-08 10:41:35.129 [info] > git show --textconv :pycode.py [4ms]
2025-01-08 10:41:35.129 [info] > git ls-files --stage -- /root/pycode.py [1ms]
2025-01-08 10:41:35.133 [info] > git cat-file -s 52c16cf17ecfb41139dc84375b4e96581a509985 [1ms]
2025-01-08 10:43:15.146 [info] > git show --textconv :.vscode/settings.json [3ms]
2025-01-08 10:43:15.146 [info] > git ls-files --stage -- /root/.vscode/settings.json [1ms]
2025-01-08 10:45:14.618 [info] > git show --textconv :pycode.py [7ms]
2025-01-08 10:45:14.621 [info] > git ls-files --stage -- /root/pycode.py [5ms]
2025-01-08 10:45:14.627 [info] > git cat-file -s 52c16cf17ecfb41139dc84375b4e96581a509985 [1ms]
2025-01-08 10:45:41.287 [info] > git show --textconv :pycode.py [3ms]
2025-01-08 10:45:41.288 [info] > git ls-files --stage -- /root/pycode.py [2ms]
2025-01-08 10:45:41.291 [info] > git cat-file -s 52c16cf17ecfb41139dc84375b4e96581a509985 [1ms]
2025-01-08 10:48:25.435 [info] > git check-ignore -v -z --stdin [2ms]
2025-01-08 10:48:25.451 [info] > git show --textconv :.vscode-server/data/Machine/settings.json [4ms]
2025-01-08 10:48:25.452 [info] > git ls-files --stage -- /root/.vscode-server/data/Machine/settings.json [2ms]
2025-01-08 10:48:25.554 [info] > git blame --root --incremental 6d226833468f687208f70b581dfa70837e2c7dbc -- /root/.vscode-server/data/Machine/settings.json [1ms]
2025-01-08 10:48:25.554 [info] fatal: no such path .vscode-server/data/Machine/settings.json in 6d226833468f687208f70b581dfa70837e2c7dbc
2025-01-08 10:49:08.793 [info] > git show --textconv :.vscode/settings.json [6ms]
2025-01-08 10:49:08.793 [info] > git ls-files --stage -- /root/.vscode/settings.json [2ms]
2025-01-08 10:49:35.634 [info] > git show --textconv :pycode.py [3ms]
2025-01-08 10:49:35.635 [info] > git ls-files --stage -- /root/pycode.py [1ms]
2025-01-08 10:49:35.639 [info] > git cat-file -s 52c16cf17ecfb41139dc84375b4e96581a509985 [1ms]
2025-01-08 10:54:58.138 [info] > git show --textconv :.vscode/settings.json [5ms]
2025-01-08 10:54:58.138 [info] > git ls-files --stage -- /root/.vscode/settings.json [2ms]
2025-01-08 10:56:34.706 [info] > git show --textconv :pycode.py [7ms]
2025-01-08 10:56:34.708 [info] > git ls-files --stage -- /root/pycode.py [5ms]
2025-01-08 10:56:34.713 [info] > git cat-file -s 52c16cf17ecfb41139dc84375b4e96581a509985 [1ms]
