2025-01-08 09:41:07.193 [warning] Dir "/root/.pixi/envs" is not watchable (directory does not exist)
2025-01-08 09:41:07.253 [info] Starting Environment refresh
2025-01-08 09:41:07.254 [info] Searching for interpreters in posix paths locator
2025-01-08 09:41:07.265 [info] Searching for pyenv environments
2025-01-08 09:41:07.265 [info] Searching for conda environments
2025-01-08 09:41:07.266 [info] Searching for global virtual environments
2025-01-08 09:41:07.266 [info] Searching for custom virtual environments
2025-01-08 09:41:07.276 [info] pyenv is not installed
2025-01-08 09:41:07.277 [info] Finished searching for pyenv environments: 22 milliseconds
2025-01-08 09:41:07.277 [info] Finished searching for custom virtual envs: 21 milliseconds
2025-01-08 09:41:07.284 [info] > conda info --json
2025-01-08 09:41:07.319 [info] > hatch env show --json
2025-01-08 09:41:07.319 [info] cwd: .
2025-01-08 09:41:07.351 [info] > pyenv which python
2025-01-08 09:41:07.351 [info] cwd: .
2025-01-08 09:41:07.352 [info] Finished searching for global virtual envs: 96 milliseconds
2025-01-08 09:41:07.362 [info] Found: /bin/python3 --> /bin/python3.12
2025-01-08 09:41:07.363 [info] Found: /bin/python3.12 --> /bin/python3.12
2025-01-08 09:41:07.372 [info] Found: /usr/bin/python3 --> /usr/bin/python3.12
2025-01-08 09:41:07.372 [info] Found: /usr/bin/python3.12 --> /usr/bin/python3.12
2025-01-08 09:41:07.397 [info] Found: /root/miniconda3/bin/python --> /root/miniconda3/bin/python3.12
2025-01-08 09:41:07.397 [info] Found: /root/miniconda3/bin/python3 --> /root/miniconda3/bin/python3.12
2025-01-08 09:41:07.398 [info] Found: /root/miniconda3/bin/python3.1 --> /root/miniconda3/bin/python3.12
2025-01-08 09:41:07.398 [info] Found: /root/miniconda3/bin/python3.12 --> /root/miniconda3/bin/python3.12
2025-01-08 09:41:08.347 [info] > ./miniconda3/bin/python -I ./.vscode-server/extensions/ms-python.python-2024.22.2/python_files/get_output_via_markers.py ./.vscode-server/extensions/ms-python.python-2024.22.2/python_files/interpreterInfo.py
2025-01-08 09:41:08.375 [info] Finished searching for conda environments: 1118 milliseconds
2025-01-08 09:41:08.375 [info] > /bin/python3 -I ./.vscode-server/extensions/ms-python.python-2024.22.2/python_files/get_output_via_markers.py ./.vscode-server/extensions/ms-python.python-2024.22.2/python_files/interpreterInfo.py
2025-01-08 09:41:08.392 [info] > ./miniconda3/envs/mle-dev/bin/python -I ./.vscode-server/extensions/ms-python.python-2024.22.2/python_files/get_output_via_markers.py ./.vscode-server/extensions/ms-python.python-2024.22.2/python_files/interpreterInfo.py
2025-01-08 09:41:08.396 [info] Finished searching for interpreters in posix paths locator: 1146 milliseconds
2025-01-08 09:41:08.396 [info] Environments refresh paths discovered (event): 1148 milliseconds
2025-01-08 09:41:08.396 [info] Environments refresh paths discovered: 1148 milliseconds
2025-01-08 09:41:08.465 [info] > /usr/bin/python3 -I ./.vscode-server/extensions/ms-python.python-2024.22.2/python_files/get_output_via_markers.py ./.vscode-server/extensions/ms-python.python-2024.22.2/python_files/interpreterInfo.py
2025-01-08 09:41:08.511 [info] Environments refresh finished (event): 1263 milliseconds
2025-01-08 09:41:08.521 [info] Environment refresh took 1272 milliseconds
2025-01-08 09:41:08.527 [info] Python interpreter path: ./miniconda3/envs/mle-dev/bin/python
2025-01-08 09:41:08.776 [info] Searching for conda environments
2025-01-08 09:41:08.784 [info] Finished searching for conda environments: 8 milliseconds
2025-01-08 09:41:08.796 [info] Environments refresh finished (event): 21 milliseconds
2025-01-08 09:41:08.796 [info] Environments refresh paths discovered: 21 milliseconds
2025-01-08 09:41:09.918 [info] Starting Jedi language server for root.
2025-01-08 09:41:11.485 [info] Discover tests for workspace name: root - uri: /root/.vscode-server/extensions/.6d7d532d-a164-441c-8264-d4bb355194ac/python_files/pyproject.toml
2025-01-08 09:41:12.019 [info] Discover tests for workspace name: root - uri: /root/.vscode-server/extensions/.955445c5-8d55-445e-83bd-5be80e6f2a35/python_files/.vscode/settings.json
2025-01-08 09:41:13.054 [info] Discover tests for workspace name: root - uri: /root/.vscode-server/extensions/.0b1d0a61-0c08-4497-8030-005639860e63/python_files/pyproject.toml
2025-01-08 09:44:10.889 [info] Discover tests for workspace name: root - uri: /root/.vscode-server/extensions/.955445c5-8d55-445e-83bd-5be80e6f2a35/python_files/pyproject.toml
2025-01-08 09:46:55.024 [info] Discover tests for workspace name: undefined - uri: c:/Users/akashvenkat.pala/AppData/Roaming/Code/User/settings.json
2025-01-08 09:52:42.767 [info] Discover tests for workspace name: undefined - uri: c:/Users/akashvenkat.pala/AppData/Roaming/Code/User/settings.json
2025-01-08 09:55:22.194 [info] Discover tests for workspace name: undefined - uri: c:/Users/akashvenkat.pala/AppData/Roaming/Code/User/settings.json
2025-01-08 10:04:55.783 [info] Discover tests for workspace name: undefined - uri: c:/Users/akashvenkat.pala/AppData/Roaming/Code/User/settings.json
2025-01-08 10:04:56.858 [info] Discover tests for workspace name: undefined - uri: c:/Users/akashvenkat.pala/AppData/Roaming/Code/User/settings.json
2025-01-08 10:04:57.518 [info] Discover tests for workspace name: undefined - uri: c:/Users/akashvenkat.pala/AppData/Roaming/Code/User/settings.json
2025-01-08 10:04:58.611 [info] Discover tests for workspace name: undefined - uri: c:/Users/akashvenkat.pala/AppData/Roaming/Code/User/settings.json
2025-01-08 10:05:01.520 [info] Discover tests for workspace name: undefined - uri: c:/Users/akashvenkat.pala/AppData/Roaming/Code/User/settings.json
2025-01-08 10:06:52.013 [info] Discover tests for workspace name: undefined - uri: c:/Users/akashvenkat.pala/AppData/Roaming/Code/User/settings.json
2025-01-08 10:06:52.515 [info] Discover tests for workspace name: undefined - uri: c:/Users/akashvenkat.pala/AppData/Roaming/Code/User/settings.json
2025-01-08 10:08:32.215 [info] Discover tests for workspace name: root - uri: /root/.vscode/settings.json
2025-01-08 10:08:35.382 [info] Discover tests for workspace name: root - uri: /root/.vscode/settings.json
2025-01-08 10:14:08.405 [info] Discover tests for workspace name: root - uri: /root/.vscode/settings.json
2025-01-08 10:14:09.008 [info] Discover tests for workspace name: root - uri: /root/.vscode/settings.json
2025-01-08 10:14:09.473 [info] Discover tests for workspace name: root - uri: /root/.vscode/settings.json
2025-01-08 10:17:34.730 [info] Discover tests for workspace name: root - uri: /root/.vscode/settings.json
2025-01-08 10:24:27.324 [info] Searching for conda environments
2025-01-08 10:24:27.333 [info] > conda info --json
2025-01-08 10:24:28.007 [info] Finished searching for conda environments: 683 milliseconds
2025-01-08 10:24:28.007 [info] Environments refresh paths discovered: 688 milliseconds
2025-01-08 10:24:28.008 [info] Environments refresh finished (event): 689 milliseconds
2025-01-08 10:25:27.336 [info] Searching for conda environments
2025-01-08 10:25:27.336 [info] Searching for conda environments
2025-01-08 10:25:27.336 [info] Searching for conda environments
2025-01-08 10:25:27.343 [info] > conda info --json
2025-01-08 10:25:27.582 [info] Discover tests for workspace name: root - uri: /root/pyproject.toml
2025-01-08 10:25:28.164 [info] Finished searching for conda environments: 828 milliseconds
2025-01-08 10:25:28.164 [info] Environments refresh paths discovered: 840 milliseconds
2025-01-08 10:25:28.164 [info] Finished searching for conda environments: 828 milliseconds
2025-01-08 10:25:28.164 [info] Environments refresh paths discovered: 835 milliseconds
2025-01-08 10:25:28.165 [info] Finished searching for conda environments: 829 milliseconds
2025-01-08 10:25:28.165 [info] Environments refresh paths discovered: 832 milliseconds
2025-01-08 10:25:28.168 [info] Environments refresh finished (event): 839 milliseconds
2025-01-08 10:25:28.169 [info] Environments refresh finished (event): 836 milliseconds
2025-01-08 10:25:28.169 [info] Environments refresh finished (event): 845 milliseconds
2025-01-08 10:26:27.321 [info] Searching for conda environments
2025-01-08 10:26:27.325 [info] > conda info --json
2025-01-08 10:26:28.135 [info] Finished searching for conda environments: 814 milliseconds
2025-01-08 10:26:28.136 [info] Environments refresh paths discovered: 817 milliseconds
2025-01-08 10:26:28.137 [info] Environments refresh finished (event): 818 milliseconds
2025-01-08 10:29:01.688 [info] Discover tests for workspace name: root - uri: /root
2025-01-08 10:30:37.682 [info] Discover tests for workspace name: root - uri: /root/pycode.py
2025-01-08 10:30:42.690 [info] Discover tests for workspace name: root - uri: /root/pycode.py
2025-01-08 10:31:16.362 [info] Discover tests for workspace name: root - uri: /root/pycode.py
2025-01-08 10:31:18.449 [info] Discover tests for workspace name: root - uri: /root/pycode.py
2025-01-08 10:31:20.354 [info] Discover tests for workspace name: root - uri: /root/pycode.py
2025-01-08 10:37:08.716 [info] Discover tests for workspace name: root - uri: /root/pycode.py
2025-01-08 10:37:20.425 [info] Discover tests for workspace name: root - uri: /root/pycode.py
2025-01-08 10:37:35.260 [info] Discover tests for workspace name: root - uri: /root/.vscode/settings.json
2025-01-08 10:39:07.389 [info] Discover tests for workspace name: root - uri: /root/.vscode/settings.json
2025-01-08 10:39:18.296 [info] Discover tests for workspace name: undefined - uri: c:/Users/akashvenkat.pala/AppData/Roaming/Code/User/settings.json
2025-01-08 10:42:03.816 [info] Discover tests for workspace name: root - uri: /root/pycode.py
2025-01-08 10:42:06.184 [info] Discover tests for workspace name: root - uri: /root/pycode.py
2025-01-08 10:42:07.440 [info] Discover tests for workspace name: root - uri: /root/pycode.py
2025-01-08 10:42:08.908 [info] Discover tests for workspace name: root - uri: /root/pycode.py
2025-01-08 10:42:23.228 [info] Discover tests for workspace name: root - uri: /root/pycode.py
2025-01-08 10:45:05.400 [info] Discover tests for workspace name: undefined - uri: c:/Users/akashvenkat.pala/AppData/Roaming/Code/User/settings.json
2025-01-08 10:45:06.914 [info] Discover tests for workspace name: undefined - uri: c:/Users/akashvenkat.pala/AppData/Roaming/Code/User/settings.json
2025-01-08 10:45:07.476 [info] Discover tests for workspace name: undefined - uri: c:/Users/akashvenkat.pala/AppData/Roaming/Code/User/settings.json
2025-01-08 10:45:07.816 [info] Discover tests for workspace name: undefined - uri: c:/Users/akashvenkat.pala/AppData/Roaming/Code/User/settings.json
2025-01-08 10:45:10.722 [info] Discover tests for workspace name: undefined - uri: c:/Users/akashvenkat.pala/AppData/Roaming/Code/User/settings.json
2025-01-08 10:45:16.242 [info] Discover tests for workspace name: root - uri: /root/pycode.py
2025-01-08 10:45:17.415 [info] Discover tests for workspace name: root - uri: /root/pycode.py
2025-01-08 10:45:18.396 [info] Discover tests for workspace name: root - uri: /root/pycode.py
2025-01-08 10:45:27.140 [info] Discover tests for workspace name: root - uri: /root/pycode.py
2025-01-08 10:45:28.040 [info] Discover tests for workspace name: root - uri: /root/pycode.py
2025-01-08 10:45:28.514 [info] Discover tests for workspace name: root - uri: /root/pycode.py
2025-01-08 10:45:44.122 [info] Discover tests for workspace name: root - uri: /root/pycode.py
2025-01-08 10:45:44.690 [info] Discover tests for workspace name: root - uri: /root/pycode.py
2025-01-08 10:45:47.547 [info] Discover tests for workspace name: root - uri: /root/pycode.py
2025-01-08 10:45:49.139 [info] Discover tests for workspace name: root - uri: /root/pycode.py
2025-01-08 10:48:25.483 [info] Discover tests for workspace name: root - uri: /root/.vscode-server/data/Machine/settings.json
2025-01-08 10:49:33.126 [info] Discover tests for workspace name: root - uri: /root/.vscode/settings.json
2025-01-08 10:49:37.767 [info] Discover tests for workspace name: root - uri: /root/pycode.py
2025-01-08 10:49:39.370 [info] Discover tests for workspace name: root - uri: /root/pycode.py
2025-01-08 10:49:39.691 [info] Discover tests for workspace name: root - uri: /root/pycode.py
2025-01-08 10:49:40.178 [info] Discover tests for workspace name: root - uri: /root/pycode.py
2025-01-08 10:52:28.226 [info] Discover tests for workspace name: undefined - uri: c:/Users/akashvenkat.pala/AppData/Roaming/Code/User/settings.json
2025-01-08 10:52:45.835 [info] Discover tests for workspace name: undefined - uri: c:/Users/akashvenkat.pala/AppData/Roaming/Code/User/settings.json
