2025-01-08 10:57:09.807 [info] [Info  - 10:57:09 AM] (10149) Server root directory: file:///root/.vscode-server/extensions/ms-python.vscode-pylance-2024.12.1/dist
2025-01-08 10:57:09.808 [info] [Info  - 10:57:09 AM] (10149) Pylance language server 2024.12.1 (pyright version 1.1.389, commit ce1325fc) starting
2025-01-08 10:57:09.813 [info] [Info  - 10:57:09 AM] (10149) Starting service instance "root"
2025-01-08 10:57:09.871 [info] [Info  - 10:57:09 AM] (10149) Setting environmentName for service "root": "3.13.1 (mle-dev conda)"
2025-01-08 10:57:09.871 [info] [Info  - 10:57:09 AM] (10149) Setting pythonPath for service "root": "/root/miniconda3/envs/mle-dev/bin/python"
2025-01-08 10:57:09.871 [info] [Info  - 10:57:09 AM] (10149) No include entries specified; assuming /root
2025-01-08 10:57:09.873 [info] [Info  - 10:57:09 AM] (10149) Auto-excluding **/node_modules
2025-01-08 10:57:09.873 [info] [Info  - 10:57:09 AM] (10149) Auto-excluding **/__pycache__
2025-01-08 10:57:09.873 [info] [Info  - 10:57:09 AM] (10149) Auto-excluding **/.*
2025-01-08 10:57:09.903 [info] [Info  - 10:57:09 AM] (10149) Assuming Python version 3.13.1.final.0
2025-01-08 10:57:09.966 [info] [Info  - 10:57:09 AM] (10149) Auto-excluding /root/miniconda3
2025-01-08 10:57:09.969 [info] [Info  - 10:57:09 AM] (10149) Found 1 source file
2025-01-08 10:57:10.329 [info] [Info  - 10:57:10 AM] (10149) Background analysis(1) root directory: file:///root/.vscode-server/extensions/ms-python.vscode-pylance-2024.12.1/dist
2025-01-08 10:57:10.330 [info] [Info  - 10:57:10 AM] (10149) Background analysis(1) started
2025-01-08 10:57:10.367 [info] [Info  - 10:57:10 AM] (10149) Indexer background runner(2) root directory: file:///root/.vscode-server/extensions/ms-python.vscode-pylance-2024.12.1/dist (index)
2025-01-08 10:57:10.367 [info] [Info  - 10:57:10 AM] (10149) Indexing(2) started
2025-01-08 10:57:10.874 [info] [Info  - 10:57:10 AM] (10149) scanned(2) 201 files over 1 exec env
2025-01-08 10:57:12.732 [info] [Info  - 10:57:12 AM] (10149) [BG(1)] Long operation: SemanticTokens range 182:0 - 208:0 at file:///root/pycode.py (2338ms)
2025-01-08 10:57:14.163 [info] [Info  - 10:57:14 AM] (10149) [IDX(2)] Long operation: index execution environment file:///root (3033ms)
2025-01-08 10:57:14.174 [info] [Info  - 10:57:14 AM] (10149) [IDX(2)] Long operation: index packages file:///root (3047ms)
2025-01-08 10:57:14.174 [info] [Info  - 10:57:14 AM] (10149) indexed(2) 201 files over 1 exec env
2025-01-08 10:57:14.222 [info] [Info  - 10:57:14 AM] (10149) Indexing finished(2).
2025-01-08 10:57:19.598 [info] (Client) The existing extension didn't exit within 10 seconds. New instance will start, but you might encounter issues.
2025-01-08 10:57:19.599 [info] (Client) Pylance async client (2024.12.1) started with python extension (2024.22.2)
