2025-01-08 11:04:10.890 [info] (Client) Pylance async client (2024.12.1) started with python extension (2024.22.2)
2025-01-08 11:04:11.317 [info] [Info  - 11:04:11 AM] (11231) Server root directory: file:///root/.vscode-server/extensions/ms-python.vscode-pylance-2024.12.1/dist
2025-01-08 11:04:11.318 [info] [Info  - 11:04:11 AM] (11231) Pylance language server 2024.12.1 (pyright version 1.1.389, commit ce1325fc) starting
2025-01-08 11:04:11.318 [info] [Info  - 11:04:11 AM] (11231) Starting service instance "root"
2025-01-08 11:04:11.417 [info] [Info  - 11:04:11 AM] (11231) Setting environmentName for service "root": "3.13.1 (mle-dev conda)"
2025-01-08 11:04:11.418 [info] [Info  - 11:04:11 AM] (11231) Setting pythonPath for service "root": "/root/miniconda3/envs/mle-dev/bin/python"
2025-01-08 11:04:11.419 [info] [Info  - 11:04:11 AM] (11231) No include entries specified; assuming /root
2025-01-08 11:04:11.420 [info] [Info  - 11:04:11 AM] (11231) Auto-excluding **/node_modules
2025-01-08 11:04:11.420 [info] [Info  - 11:04:11 AM] (11231) Auto-excluding **/__pycache__
2025-01-08 11:04:11.421 [info] [Info  - 11:04:11 AM] (11231) Auto-excluding **/.*
2025-01-08 11:04:11.445 [info] [Info  - 11:04:11 AM] (11231) Assuming Python version 3.13.1.final.0
2025-01-08 11:04:11.517 [info] [Info  - 11:04:11 AM] (11231) Auto-excluding /root/miniconda3
2025-01-08 11:04:11.520 [info] [Info  - 11:04:11 AM] (11231) Found 1 source file
2025-01-08 11:04:11.803 [info] [Info  - 11:04:11 AM] (11231) Background analysis(1) root directory: file:///root/.vscode-server/extensions/ms-python.vscode-pylance-2024.12.1/dist
2025-01-08 11:04:11.807 [info] [Info  - 11:04:11 AM] (11231) Background analysis(1) started
2025-01-08 11:08:04.478 [info] [Info  - 11:08:04 AM] (11231) Setting environmentName for service "root": "3.13.1 (mle-dev conda)"
2025-01-08 11:08:04.479 [info] [Info  - 11:08:04 AM] (11231) Setting pythonPath for service "root": "/root/miniconda3/envs/mle-dev/bin/python"
2025-01-08 11:08:04.479 [info] [Info  - 11:08:04 AM] (11231) No include entries specified; assuming /root
2025-01-08 11:08:04.479 [info] [Info  - 11:08:04 AM] (11231) Auto-excluding **/node_modules
2025-01-08 11:08:04.479 [info] [Info  - 11:08:04 AM] (11231) Auto-excluding **/__pycache__
2025-01-08 11:08:04.479 [info] [Info  - 11:08:04 AM] (11231) Auto-excluding **/.*
2025-01-08 11:08:04.503 [info] [Info  - 11:08:04 AM] (11231) Assuming Python version 3.13.1.final.0
2025-01-08 11:08:04.595 [info] [Info  - 11:08:04 AM] (11231) Auto-excluding /root/miniconda3
2025-01-08 11:08:04.597 [info] [Info  - 11:08:04 AM] (11231) Found 1 source file
2025-01-08 11:11:09.284 [info] [Info  - 11:11:09 AM] (11231) Setting environmentName for service "root": "3.13.1 (mle-dev conda)"
2025-01-08 11:11:09.285 [info] [Info  - 11:11:09 AM] (11231) Setting pythonPath for service "root": "/root/miniconda3/envs/mle-dev/bin/python"
2025-01-08 11:11:09.285 [info] [Info  - 11:11:09 AM] (11231) No include entries specified; assuming /root
2025-01-08 11:11:09.285 [info] [Info  - 11:11:09 AM] (11231) Auto-excluding **/node_modules
2025-01-08 11:11:09.285 [info] [Info  - 11:11:09 AM] (11231) Auto-excluding **/__pycache__
2025-01-08 11:11:09.285 [info] [Info  - 11:11:09 AM] (11231) Auto-excluding **/.*
2025-01-08 11:11:09.313 [info] [Info  - 11:11:09 AM] (11231) Assuming Python version 3.13.1.final.0
2025-01-08 11:11:09.389 [info] [Info  - 11:11:09 AM] (11231) Auto-excluding /root/miniconda3
2025-01-08 11:11:09.390 [info] [Info  - 11:11:09 AM] (11231) Found 1 source file
2025-01-08 11:12:18.906 [info] [Info  - 11:12:18 AM] (11231) Indexer background runner(2) root directory: file:///root/.vscode-server/extensions/ms-python.vscode-pylance-2024.12.1/dist (index)
2025-01-08 11:12:18.906 [info] [Info  - 11:12:18 AM] (11231) Indexing(2) started
2025-01-08 11:12:19.569 [info] [Info  - 11:12:19 AM] (11231) scanned(2) 201 files over 1 exec env
2025-01-08 11:12:19.722 [info] [Info  - 11:12:19 AM] (11231) indexed(2) 201 files over 1 exec env
2025-01-08 11:12:19.777 [info] [Info  - 11:12:19 AM] (11231) Indexing finished(2).
2025-01-08 11:24:25.897 [info] [Info  - 11:24:25 AM] (11231) Setting environmentName for service "root": "3.13.1 (mle-dev conda)"
2025-01-08 11:24:25.897 [info] [Info  - 11:24:25 AM] (11231) Setting pythonPath for service "root": "/root/miniconda3/envs/mle-dev/bin/python"
2025-01-08 11:24:25.897 [info] [Info  - 11:24:25 AM] (11231) No include entries specified; assuming /root
2025-01-08 11:24:25.897 [info] [Info  - 11:24:25 AM] (11231) Auto-excluding **/node_modules
2025-01-08 11:24:25.897 [info] [Info  - 11:24:25 AM] (11231) Auto-excluding **/__pycache__
2025-01-08 11:24:25.897 [info] [Info  - 11:24:25 AM] (11231) Auto-excluding **/.*
2025-01-08 11:24:25.949 [info] [Info  - 11:24:25 AM] (11231) Assuming Python version 3.13.1.final.0
2025-01-08 11:24:26.027 [info] [Info  - 11:24:26 AM] (11231) Auto-excluding /root/miniconda3
2025-01-08 11:24:26.032 [info] [Info  - 11:24:26 AM] (11231) Found 1 source file
2025-01-08 11:24:26.606 [info] [Info  - 11:24:26 AM] (11231) Indexer background runner(3) root directory: file:///root/.vscode-server/extensions/ms-python.vscode-pylance-2024.12.1/dist (index)
2025-01-08 11:24:26.607 [info] [Info  - 11:24:26 AM] (11231) Indexing(3) started
2025-01-08 11:24:27.069 [info] [Info  - 11:24:27 AM] (11231) scanned(3) 201 files over 1 exec env
2025-01-08 11:24:27.321 [info] [Info  - 11:24:27 AM] (11231) indexed(3) 201 files over 1 exec env
2025-01-08 11:24:27.370 [info] [Info  - 11:24:27 AM] (11231) Indexing finished(3).
2025-01-08 11:25:04.208 [info] [Info  - 11:25:04 AM] (11231) Setting environmentName for service "root": "3.12.8 (base conda)"
2025-01-08 11:25:04.209 [info] [Info  - 11:25:04 AM] (11231) Setting pythonPath for service "root": "/root/miniconda3/bin/python"
2025-01-08 11:25:04.211 [info] [Info  - 11:25:04 AM] (11231) No include entries specified; assuming /root
2025-01-08 11:25:04.213 [info] [Info  - 11:25:04 AM] (11231) Auto-excluding **/node_modules
2025-01-08 11:25:04.215 [info] [Info  - 11:25:04 AM] (11231) Auto-excluding **/__pycache__
2025-01-08 11:25:04.216 [info] [Info  - 11:25:04 AM] (11231) Auto-excluding **/.*
2025-01-08 11:25:04.254 [info] [Info  - 11:25:04 AM] (11231) Assuming Python version 3.12.8.final.0
2025-01-08 11:25:04.318 [info] [Info  - 11:25:04 AM] (11231) Auto-excluding /root/miniconda3
2025-01-08 11:25:04.320 [info] [Info  - 11:25:04 AM] (11231) Found 1 source file
2025-01-08 11:25:04.848 [info] [Info  - 11:25:04 AM] (11231) Indexer background runner(4) root directory: file:///root/.vscode-server/extensions/ms-python.vscode-pylance-2024.12.1/dist (index)
2025-01-08 11:25:04.848 [info] [Info  - 11:25:04 AM] (11231) Indexing(4) started
2025-01-08 11:25:05.351 [info] [Info  - 11:25:05 AM] (11231) scanned(4) 44 files over 1 exec env
2025-01-08 11:25:05.940 [info] [Info  - 11:25:05 AM] (11231) indexed(4) 44 files over 1 exec env
2025-01-08 11:25:05.958 [info] [Info  - 11:25:05 AM] (11231) Indexing finished(4).
2025-01-08 11:25:39.567 [info] [Info  - 11:25:39 AM] (11231) Setting environmentName for service "root": "3.13.1 (mle-dev conda)"
2025-01-08 11:25:39.569 [info] [Info  - 11:25:39 AM] (11231) Setting pythonPath for service "root": "/root/miniconda3/envs/mle-dev/bin/python"
2025-01-08 11:25:39.569 [info] [Info  - 11:25:39 AM] (11231) No include entries specified; assuming /root
2025-01-08 11:25:39.570 [info] [Info  - 11:25:39 AM] (11231) Auto-excluding **/node_modules
2025-01-08 11:25:39.570 [info] [Info  - 11:25:39 AM] (11231) Auto-excluding **/__pycache__
2025-01-08 11:25:39.570 [info] [Info  - 11:25:39 AM] (11231) Auto-excluding **/.*
2025-01-08 11:25:39.604 [info] [Info  - 11:25:39 AM] (11231) Assuming Python version 3.13.1.final.0
2025-01-08 11:25:39.666 [info] [Info  - 11:25:39 AM] (11231) Auto-excluding /root/miniconda3
2025-01-08 11:25:39.668 [info] [Info  - 11:25:39 AM] (11231) Found 1 source file
2025-01-08 11:25:40.148 [info] [Info  - 11:25:40 AM] (11231) Indexer background runner(5) root directory: file:///root/.vscode-server/extensions/ms-python.vscode-pylance-2024.12.1/dist (index)
2025-01-08 11:25:40.148 [info] [Info  - 11:25:40 AM] (11231) Indexing(5) started
2025-01-08 11:25:40.526 [info] [Info  - 11:25:40 AM] (11231) scanned(5) 201 files over 1 exec env
2025-01-08 11:25:40.784 [info] [Info  - 11:25:40 AM] (11231) indexed(5) 201 files over 1 exec env
2025-01-08 11:25:40.836 [info] [Info  - 11:25:40 AM] (11231) Indexing finished(5).
